Analysis & Synthesis report for Projeto1
Thu Oct 07 10:31:45 2021
Quartus Prime Version 20.1.0 Build 711 06/05/2020 SJ Lite Edition


---------------------
; Table of Contents ;
---------------------
  1. Legal Notice
  2. Analysis & Synthesis Summary
  3. Analysis & Synthesis Settings
  4. Parallel Compilation
  5. Analysis & Synthesis Source Files Read
  6. Analysis & Synthesis Resource Usage Summary
  7. Analysis & Synthesis Resource Utilization by Entity
  8. Registers Removed During Synthesis
  9. General Register Statistics
 10. Multiplexer Restructuring Statistics (Restructuring Performed)
 11. Parameter Settings for User Entity Instance: Top-level Entity: |Projeto1
 12. Parameter Settings for User Entity Instance: CPU:CPU
 13. Parameter Settings for User Entity Instance: CPU:CPU|muxGenerico2x1:MUX1
 14. Parameter Settings for User Entity Instance: CPU:CPU|registradorGenerico_PC:PC
 15. Parameter Settings for User Entity Instance: CPU:CPU|somaConstante:SOMADOR
 16. Parameter Settings for User Entity Instance: CPU:CPU|registradorGenerico_PC:REG_END_RET
 17. Parameter Settings for User Entity Instance: CPU:CPU|registradorGenerico:REG1
 18. Parameter Settings for User Entity Instance: CPU:CPU|ULASomaSub:ULA1
 19. Parameter Settings for User Entity Instance: CPU:CPU|FlipFlop:FLAG
 20. Parameter Settings for User Entity Instance: CPU:CPU|muxGenerico2x1_PC:MUX2
 21. Parameter Settings for User Entity Instance: memoriaROM:MEMORIA_INTRUCAO
 22. Parameter Settings for User Entity Instance: memoriaRAM:MEMORIA_DADOS
 23. Parameter Settings for User Entity Instance: registradorGenerico:REG_LEDR0a7
 24. Parameter Settings for User Entity Instance: FlipFlop:FF_LEDR8
 25. Parameter Settings for User Entity Instance: FlipFlop:FF_LEDR9
 26. Parameter Settings for User Entity Instance: registradorGenerico_4b:REG_HEX0
 27. Parameter Settings for User Entity Instance: registradorGenerico_4b:REG_HEX1
 28. Parameter Settings for User Entity Instance: registradorGenerico_4b:REG_HEX2
 29. Parameter Settings for User Entity Instance: registradorGenerico_4b:REG_HEX3
 30. Parameter Settings for User Entity Instance: registradorGenerico_4b:REG_HEX4
 31. Parameter Settings for User Entity Instance: registradorGenerico_4b:REG_HEX5
 32. Parameter Settings for User Entity Instance: buffertri:FPGA_R
 33. Parameter Settings for User Entity Instance: buffertri:KEY_3
 34. Parameter Settings for User Entity Instance: buffertri:KEY_2
 35. Parameter Settings for User Entity Instance: buffertri:KEY_1
 36. Parameter Settings for User Entity Instance: buffertri:KEY_0
 37. Parameter Settings for User Entity Instance: buffertri:SW_9
 38. Parameter Settings for User Entity Instance: buffertri:SW_8
 39. Parameter Settings for User Entity Instance: buffertri:SW_7
 40. Parameter Settings for User Entity Instance: buffertri:SW_6
 41. Parameter Settings for User Entity Instance: buffertri:SW_5
 42. Parameter Settings for User Entity Instance: buffertri:SW_4
 43. Parameter Settings for User Entity Instance: buffertri:SW_3
 44. Parameter Settings for User Entity Instance: buffertri:SW_2
 45. Parameter Settings for User Entity Instance: buffertri:SW_1
 46. Parameter Settings for User Entity Instance: buffertri:SW_0
 47. Port Connectivity Checks: "DecodBinario_7Seg:DECOD_HEX5"
 48. Port Connectivity Checks: "registradorGenerico_4b:REG_HEX5"
 49. Port Connectivity Checks: "DecodBinario_7Seg:DECOD_HEX4"
 50. Port Connectivity Checks: "registradorGenerico_4b:REG_HEX4"
 51. Port Connectivity Checks: "DecodBinario_7Seg:DECOD_HEX3"
 52. Port Connectivity Checks: "registradorGenerico_4b:REG_HEX3"
 53. Port Connectivity Checks: "DecodBinario_7Seg:DECOD_HEX2"
 54. Port Connectivity Checks: "registradorGenerico_4b:REG_HEX2"
 55. Port Connectivity Checks: "DecodBinario_7Seg:DECOD_HEX1"
 56. Port Connectivity Checks: "registradorGenerico_4b:REG_HEX1"
 57. Port Connectivity Checks: "DecodBinario_7Seg:DECOD_HEX0"
 58. Port Connectivity Checks: "registradorGenerico_4b:REG_HEX0"
 59. Port Connectivity Checks: "FlipFlop:FF_LEDR9"
 60. Port Connectivity Checks: "FlipFlop:FF_LEDR8"
 61. Port Connectivity Checks: "registradorGenerico:REG_LEDR0a7"
 62. Port Connectivity Checks: "Decod3x8:DECODIFICADOR_3X8_0a2"
 63. Port Connectivity Checks: "Decod3x8:DECODIFICADOR_3X8_6a8"
 64. Port Connectivity Checks: "CPU:CPU|muxGenerico2x1_PC:MUX2"
 65. Port Connectivity Checks: "CPU:CPU|FlipFlop:FLAG"
 66. Port Connectivity Checks: "CPU:CPU|registradorGenerico:REG1"
 67. Port Connectivity Checks: "CPU:CPU|registradorGenerico_PC:REG_END_RET"
 68. Port Connectivity Checks: "CPU:CPU|registradorGenerico_PC:PC"
 69. Port Connectivity Checks: "CPU:CPU"
 70. Post-Synthesis Netlist Statistics for Top Partition
 71. Elapsed Time Per Partition
 72. Analysis & Synthesis Messages



----------------
; Legal Notice ;
----------------
Copyright (C) 2020  Intel Corporation. All rights reserved.
Your use of Intel Corporation's design tools, logic functions 
and other software and tools, and any partner logic 
functions, and any output files from any of the foregoing 
(including device programming or simulation files), and any 
associated documentation or information are expressly subject 
to the terms and conditions of the Intel Program License 
Subscription Agreement, the Intel Quartus Prime License Agreement,
the Intel FPGA IP License Agreement, or other applicable license
agreement, including, without limitation, that your use is for
the sole purpose of programming logic devices manufactured by
Intel and sold by Intel or its authorized distributors.  Please
refer to the applicable agreement for further details, at
https://fpgasoftware.intel.com/eula.



+-------------------------------------------------------------------------------+
; Analysis & Synthesis Summary                                                  ;
+---------------------------------+---------------------------------------------+
; Analysis & Synthesis Status     ; Successful - Thu Oct 07 10:31:45 2021       ;
; Quartus Prime Version           ; 20.1.0 Build 711 06/05/2020 SJ Lite Edition ;
; Revision Name                   ; Projeto1                                    ;
; Top-level Entity Name           ; Projeto1                                    ;
; Family                          ; Cyclone V                                   ;
; Logic utilization (in ALMs)     ; N/A                                         ;
; Total registers                 ; 43                                          ;
; Total pins                      ; 85                                          ;
; Total virtual pins              ; 0                                           ;
; Total block memory bits         ; 0                                           ;
; Total DSP Blocks                ; 0                                           ;
; Total HSSI RX PCSs              ; 0                                           ;
; Total HSSI PMA RX Deserializers ; 0                                           ;
; Total HSSI TX PCSs              ; 0                                           ;
; Total HSSI PMA TX Serializers   ; 0                                           ;
; Total PLLs                      ; 0                                           ;
; Total DLLs                      ; 0                                           ;
+---------------------------------+---------------------------------------------+


+---------------------------------------------------------------------------------------------------------------------------+
; Analysis & Synthesis Settings                                                                                             ;
+---------------------------------------------------------------------------------+--------------------+--------------------+
; Option                                                                          ; Setting            ; Default Value      ;
+---------------------------------------------------------------------------------+--------------------+--------------------+
; Device                                                                          ; 5CEBA4F23C7        ;                    ;
; Top-level entity name                                                           ; Projeto1           ; Projeto1           ;
; Family name                                                                     ; Cyclone V          ; Cyclone V          ;
; VHDL Show LMF Mapping Messages                                                  ; Off                ;                    ;
; VHDL Version                                                                    ; VHDL_2008          ; VHDL_1993          ;
; Use smart compilation                                                           ; Off                ; Off                ;
; Enable parallel Assembler and Timing Analyzer during compilation                ; On                 ; On                 ;
; Enable compact report table                                                     ; Off                ; Off                ;
; Restructure Multiplexers                                                        ; Auto               ; Auto               ;
; MLAB Add Timing Constraints For Mixed-Port Feed-Through Mode Setting Don't Care ; Off                ; Off                ;
; Create Debugging Nodes for IP Cores                                             ; Off                ; Off                ;
; Preserve fewer node names                                                       ; On                 ; On                 ;
; Intel FPGA IP Evaluation Mode                                                   ; Enable             ; Enable             ;
; Verilog Version                                                                 ; Verilog_2001       ; Verilog_2001       ;
; State Machine Processing                                                        ; Auto               ; Auto               ;
; Safe State Machine                                                              ; Off                ; Off                ;
; Extract Verilog State Machines                                                  ; On                 ; On                 ;
; Extract VHDL State Machines                                                     ; On                 ; On                 ;
; Ignore Verilog initial constructs                                               ; Off                ; Off                ;
; Iteration limit for constant Verilog loops                                      ; 5000               ; 5000               ;
; Iteration limit for non-constant Verilog loops                                  ; 250                ; 250                ;
; Add Pass-Through Logic to Inferred RAMs                                         ; On                 ; On                 ;
; Infer RAMs from Raw Logic                                                       ; On                 ; On                 ;
; Parallel Synthesis                                                              ; On                 ; On                 ;
; DSP Block Balancing                                                             ; Auto               ; Auto               ;
; NOT Gate Push-Back                                                              ; On                 ; On                 ;
; Power-Up Don't Care                                                             ; On                 ; On                 ;
; Remove Redundant Logic Cells                                                    ; Off                ; Off                ;
; Remove Duplicate Registers                                                      ; On                 ; On                 ;
; Ignore CARRY Buffers                                                            ; Off                ; Off                ;
; Ignore CASCADE Buffers                                                          ; Off                ; Off                ;
; Ignore GLOBAL Buffers                                                           ; Off                ; Off                ;
; Ignore ROW GLOBAL Buffers                                                       ; Off                ; Off                ;
; Ignore LCELL Buffers                                                            ; Off                ; Off                ;
; Ignore SOFT Buffers                                                             ; On                 ; On                 ;
; Limit AHDL Integers to 32 Bits                                                  ; Off                ; Off                ;
; Optimization Technique                                                          ; Balanced           ; Balanced           ;
; Carry Chain Length                                                              ; 70                 ; 70                 ;
; Auto Carry Chains                                                               ; On                 ; On                 ;
; Auto Open-Drain Pins                                                            ; On                 ; On                 ;
; Perform WYSIWYG Primitive Resynthesis                                           ; Off                ; Off                ;
; Auto ROM Replacement                                                            ; On                 ; On                 ;
; Auto RAM Replacement                                                            ; On                 ; On                 ;
; Auto DSP Block Replacement                                                      ; On                 ; On                 ;
; Auto Shift Register Replacement                                                 ; Auto               ; Auto               ;
; Allow Shift Register Merging across Hierarchies                                 ; Auto               ; Auto               ;
; Auto Clock Enable Replacement                                                   ; On                 ; On                 ;
; Strict RAM Replacement                                                          ; Off                ; Off                ;
; Allow Synchronous Control Signals                                               ; On                 ; On                 ;
; Force Use of Synchronous Clear Signals                                          ; Off                ; Off                ;
; Auto Resource Sharing                                                           ; Off                ; Off                ;
; Allow Any RAM Size For Recognition                                              ; Off                ; Off                ;
; Allow Any ROM Size For Recognition                                              ; Off                ; Off                ;
; Allow Any Shift Register Size For Recognition                                   ; Off                ; Off                ;
; Use LogicLock Constraints during Resource Balancing                             ; On                 ; On                 ;
; Ignore translate_off and synthesis_off directives                               ; Off                ; Off                ;
; Timing-Driven Synthesis                                                         ; On                 ; On                 ;
; Report Parameter Settings                                                       ; On                 ; On                 ;
; Report Source Assignments                                                       ; On                 ; On                 ;
; Report Connectivity Checks                                                      ; On                 ; On                 ;
; Ignore Maximum Fan-Out Assignments                                              ; Off                ; Off                ;
; Synchronization Register Chain Length                                           ; 3                  ; 3                  ;
; Power Optimization During Synthesis                                             ; Normal compilation ; Normal compilation ;
; HDL message level                                                               ; Level2             ; Level2             ;
; Suppress Register Optimization Related Messages                                 ; Off                ; Off                ;
; Number of Removed Registers Reported in Synthesis Report                        ; 5000               ; 5000               ;
; Number of Swept Nodes Reported in Synthesis Report                              ; 5000               ; 5000               ;
; Number of Inverted Registers Reported in Synthesis Report                       ; 100                ; 100                ;
; Clock MUX Protection                                                            ; On                 ; On                 ;
; Auto Gated Clock Conversion                                                     ; Off                ; Off                ;
; Block Design Naming                                                             ; Auto               ; Auto               ;
; SDC constraint protection                                                       ; Off                ; Off                ;
; Synthesis Effort                                                                ; Auto               ; Auto               ;
; Shift Register Replacement - Allow Asynchronous Clear Signal                    ; On                 ; On                 ;
; Pre-Mapping Resynthesis Optimization                                            ; Off                ; Off                ;
; Analysis & Synthesis Message Level                                              ; Medium             ; Medium             ;
; Disable Register Merging Across Hierarchies                                     ; Auto               ; Auto               ;
; Resource Aware Inference For Block RAM                                          ; On                 ; On                 ;
; Automatic Parallel Synthesis                                                    ; On                 ; On                 ;
; Partial Reconfiguration Bitstream ID                                            ; Off                ; Off                ;
+---------------------------------------------------------------------------------+--------------------+--------------------+


+------------------------------------------+
; Parallel Compilation                     ;
+----------------------------+-------------+
; Processors                 ; Number      ;
+----------------------------+-------------+
; Number detected on machine ; 12          ;
; Maximum allowed            ; 12          ;
;                            ;             ;
; Average used               ; 1.00        ;
; Maximum used               ; 12          ;
;                            ;             ;
; Usage by Processor         ; % Time Used ;
;     Processor 1            ; 100.0%      ;
;     Processors 2-12        ;   0.0%      ;
+----------------------------+-------------+


+-----------------------------------------------------------------------------------------------------------------------------------------------------+
; Analysis & Synthesis Source Files Read                                                                                                              ;
+----------------------------------+-----------------+-----------------+--------------------------------------------------------------------+---------+
; File Name with User-Entered Path ; Used in Netlist ; File Type       ; File Name with Absolute Path                                       ; Library ;
+----------------------------------+-----------------+-----------------+--------------------------------------------------------------------+---------+
; Projeto1.vhd                     ; yes             ; User VHDL File  ; C:/Descomp/DesignComp-Projeto1/Projeto1/Projeto1.vhd               ;         ;
; buffertri.vhd                    ; yes             ; User VHDL File  ; C:/Descomp/DesignComp-Projeto1/Projeto1/buffertri.vhd              ;         ;
; CPU.vhd                          ; yes             ; User VHDL File  ; C:/Descomp/DesignComp-Projeto1/Projeto1/CPU.vhd                    ;         ;
; Decod3x8.vhd                     ; yes             ; User VHDL File  ; C:/Descomp/DesignComp-Projeto1/Projeto1/Decod3x8.vhd               ;         ;
; DecodBinario_7Seg.vhd            ; yes             ; User VHDL File  ; C:/Descomp/DesignComp-Projeto1/Projeto1/DecodBinario_7Seg.vhd      ;         ;
; DecodInstrucao.vhd               ; yes             ; User VHDL File  ; C:/Descomp/DesignComp-Projeto1/Projeto1/DecodInstrucao.vhd         ;         ;
; FlipFlop.vhd                     ; yes             ; User VHDL File  ; C:/Descomp/DesignComp-Projeto1/Projeto1/FlipFlop.vhd               ;         ;
; LogicaDesvio.vhd                 ; yes             ; User VHDL File  ; C:/Descomp/DesignComp-Projeto1/Projeto1/LogicaDesvio.vhd           ;         ;
; memoriaRAM.vhd                   ; yes             ; User VHDL File  ; C:/Descomp/DesignComp-Projeto1/Projeto1/memoriaRAM.vhd             ;         ;
; memoriaROM.vhd                   ; yes             ; User VHDL File  ; C:/Descomp/DesignComp-Projeto1/Projeto1/memoriaROM.vhd             ;         ;
; muxGenerico2x1.vhd               ; yes             ; User VHDL File  ; C:/Descomp/DesignComp-Projeto1/Projeto1/muxGenerico2x1.vhd         ;         ;
; muxGenerico2x1_PC.vhd            ; yes             ; User VHDL File  ; C:/Descomp/DesignComp-Projeto1/Projeto1/muxGenerico2x1_PC.vhd      ;         ;
; registradorGenerico.vhd          ; yes             ; User VHDL File  ; C:/Descomp/DesignComp-Projeto1/Projeto1/registradorGenerico.vhd    ;         ;
; registradorGenerico_4b.vhd       ; yes             ; User VHDL File  ; C:/Descomp/DesignComp-Projeto1/Projeto1/registradorGenerico_4b.vhd ;         ;
; registradorGenerico_PC.vhd       ; yes             ; User VHDL File  ; C:/Descomp/DesignComp-Projeto1/Projeto1/registradorGenerico_PC.vhd ;         ;
; somaConstante.vhd                ; yes             ; User VHDL File  ; C:/Descomp/DesignComp-Projeto1/Projeto1/somaConstante.vhd          ;         ;
; ULASomaSub.vhd                   ; yes             ; User VHDL File  ; C:/Descomp/DesignComp-Projeto1/Projeto1/ULASomaSub.vhd             ;         ;
+----------------------------------+-----------------+-----------------+--------------------------------------------------------------------+---------+


+------------------------------------------------------------+
; Analysis & Synthesis Resource Usage Summary                ;
+---------------------------------------------+--------------+
; Resource                                    ; Usage        ;
+---------------------------------------------+--------------+
; Estimate of Logic utilization (ALMs needed) ; 62           ;
;                                             ;              ;
; Combinational ALUT usage for logic          ; 106          ;
;     -- 7 input functions                    ; 0            ;
;     -- 6 input functions                    ; 3            ;
;     -- 5 input functions                    ; 22           ;
;     -- 4 input functions                    ; 53           ;
;     -- <=3 input functions                  ; 28           ;
;                                             ;              ;
; Dedicated logic registers                   ; 43           ;
;                                             ;              ;
; I/O pins                                    ; 85           ;
;                                             ;              ;
; Total DSP Blocks                            ; 0            ;
;                                             ;              ;
; Maximum fan-out node                        ; KEY[0]~input ;
; Maximum fan-out                             ; 44           ;
; Total fan-out                               ; 675          ;
; Average fan-out                             ; 2.12         ;
+---------------------------------------------+--------------+


+------------------------------------------------------------------------------------------------------------------------------------------------------------------------------------------------------------------------------------------------------------+
; Analysis & Synthesis Resource Utilization by Entity                                                                                                                                                                                                        ;
+------------------------------------------------+---------------------+---------------------------+-------------------+------------+------+--------------+----------------------------------------------------------+------------------------+--------------+
; Compilation Hierarchy Node                     ; Combinational ALUTs ; Dedicated Logic Registers ; Block Memory Bits ; DSP Blocks ; Pins ; Virtual Pins ; Full Hierarchy Name                                      ; Entity Name            ; Library Name ;
+------------------------------------------------+---------------------+---------------------------+-------------------+------------+------+--------------+----------------------------------------------------------+------------------------+--------------+
; |Projeto1                                      ; 106 (19)            ; 43 (0)                    ; 0                 ; 0          ; 85   ; 0            ; |Projeto1                                                ; Projeto1               ; work         ;
;    |CPU:CPU|                                   ; 33 (0)              ; 17 (0)                    ; 0                 ; 0          ; 0    ; 0            ; |Projeto1|CPU:CPU                                        ; CPU                    ; work         ;
;       |DecodInstrucao:DECODIFICADOR_INSTRUCAO| ; 1 (1)               ; 0 (0)                     ; 0                 ; 0          ; 0    ; 0            ; |Projeto1|CPU:CPU|DecodInstrucao:DECODIFICADOR_INSTRUCAO ; DecodInstrucao         ; work         ;
;       |ULASomaSub:ULA1|                        ; 17 (17)             ; 0 (0)                     ; 0                 ; 0          ; 0    ; 0            ; |Projeto1|CPU:CPU|ULASomaSub:ULA1                        ; ULASomaSub             ; work         ;
;       |muxGenerico2x1_PC:MUX2|                 ; 6 (6)               ; 0 (0)                     ; 0                 ; 0          ; 0    ; 0            ; |Projeto1|CPU:CPU|muxGenerico2x1_PC:MUX2                 ; muxGenerico2x1_PC      ; work         ;
;       |registradorGenerico:REG1|               ; 0 (0)               ; 8 (8)                     ; 0                 ; 0          ; 0    ; 0            ; |Projeto1|CPU:CPU|registradorGenerico:REG1               ; registradorGenerico    ; work         ;
;       |registradorGenerico_PC:PC|              ; 0 (0)               ; 9 (9)                     ; 0                 ; 0          ; 0    ; 0            ; |Projeto1|CPU:CPU|registradorGenerico_PC:PC              ; registradorGenerico_PC ; work         ;
;       |somaConstante:SOMADOR|                  ; 9 (9)               ; 0 (0)                     ; 0                 ; 0          ; 0    ; 0            ; |Projeto1|CPU:CPU|somaConstante:SOMADOR                  ; somaConstante          ; work         ;
;    |DecodBinario_7Seg:DECOD_HEX0|              ; 7 (7)               ; 0 (0)                     ; 0                 ; 0          ; 0    ; 0            ; |Projeto1|DecodBinario_7Seg:DECOD_HEX0                   ; DecodBinario_7Seg      ; work         ;
;    |DecodBinario_7Seg:DECOD_HEX1|              ; 7 (7)               ; 0 (0)                     ; 0                 ; 0          ; 0    ; 0            ; |Projeto1|DecodBinario_7Seg:DECOD_HEX1                   ; DecodBinario_7Seg      ; work         ;
;    |DecodBinario_7Seg:DECOD_HEX2|              ; 7 (7)               ; 0 (0)                     ; 0                 ; 0          ; 0    ; 0            ; |Projeto1|DecodBinario_7Seg:DECOD_HEX2                   ; DecodBinario_7Seg      ; work         ;
;    |DecodBinario_7Seg:DECOD_HEX3|              ; 7 (7)               ; 0 (0)                     ; 0                 ; 0          ; 0    ; 0            ; |Projeto1|DecodBinario_7Seg:DECOD_HEX3                   ; DecodBinario_7Seg      ; work         ;
;    |DecodBinario_7Seg:DECOD_HEX4|              ; 7 (7)               ; 0 (0)                     ; 0                 ; 0          ; 0    ; 0            ; |Projeto1|DecodBinario_7Seg:DECOD_HEX4                   ; DecodBinario_7Seg      ; work         ;
;    |DecodBinario_7Seg:DECOD_HEX5|              ; 7 (7)               ; 0 (0)                     ; 0                 ; 0          ; 0    ; 0            ; |Projeto1|DecodBinario_7Seg:DECOD_HEX5                   ; DecodBinario_7Seg      ; work         ;
;    |FlipFlop:FF_LEDR8|                         ; 1 (1)               ; 1 (1)                     ; 0                 ; 0          ; 0    ; 0            ; |Projeto1|FlipFlop:FF_LEDR8                              ; FlipFlop               ; work         ;
;    |FlipFlop:FF_LEDR9|                         ; 1 (1)               ; 1 (1)                     ; 0                 ; 0          ; 0    ; 0            ; |Projeto1|FlipFlop:FF_LEDR9                              ; FlipFlop               ; work         ;
;    |memoriaROM:MEMORIA_INTRUCAO|               ; 10 (10)             ; 0 (0)                     ; 0                 ; 0          ; 0    ; 0            ; |Projeto1|memoriaROM:MEMORIA_INTRUCAO                    ; memoriaROM             ; work         ;
;    |registradorGenerico_4b:REG_HEX0|           ; 0 (0)               ; 4 (4)                     ; 0                 ; 0          ; 0    ; 0            ; |Projeto1|registradorGenerico_4b:REG_HEX0                ; registradorGenerico_4b ; work         ;
;    |registradorGenerico_4b:REG_HEX1|           ; 0 (0)               ; 4 (4)                     ; 0                 ; 0          ; 0    ; 0            ; |Projeto1|registradorGenerico_4b:REG_HEX1                ; registradorGenerico_4b ; work         ;
;    |registradorGenerico_4b:REG_HEX2|           ; 0 (0)               ; 4 (4)                     ; 0                 ; 0          ; 0    ; 0            ; |Projeto1|registradorGenerico_4b:REG_HEX2                ; registradorGenerico_4b ; work         ;
;    |registradorGenerico_4b:REG_HEX3|           ; 0 (0)               ; 4 (4)                     ; 0                 ; 0          ; 0    ; 0            ; |Projeto1|registradorGenerico_4b:REG_HEX3                ; registradorGenerico_4b ; work         ;
;    |registradorGenerico_4b:REG_HEX4|           ; 0 (0)               ; 4 (4)                     ; 0                 ; 0          ; 0    ; 0            ; |Projeto1|registradorGenerico_4b:REG_HEX4                ; registradorGenerico_4b ; work         ;
;    |registradorGenerico_4b:REG_HEX5|           ; 0 (0)               ; 4 (4)                     ; 0                 ; 0          ; 0    ; 0            ; |Projeto1|registradorGenerico_4b:REG_HEX5                ; registradorGenerico_4b ; work         ;
+------------------------------------------------+---------------------+---------------------------+-------------------+------------+------+--------------+----------------------------------------------------------+------------------------+--------------+
Note: For table entries with two numbers listed, the numbers in parentheses indicate the number of resources of the given type used by the specific entity alone. The numbers listed outside of parentheses indicate the total resources of the given type used by the specific entity and all of its sub-entities in the hierarchy.


+-----------------------------------------------------------------------------------------------------+
; Registers Removed During Synthesis                                                                  ;
+-------------------------------------------------------+---------------------------------------------+
; Register name                                         ; Reason for Removal                          ;
+-------------------------------------------------------+---------------------------------------------+
; CPU:CPU|registradorGenerico_PC:REG_END_RET|DOUT[0]    ; Lost fanout                                 ;
; CPU:CPU|registradorGenerico_PC:REG_END_RET|DOUT[1..8] ; Stuck at GND due to stuck port clock_enable ;
; CPU:CPU|FlipFlop:FLAG|DOUT                            ; Stuck at GND due to stuck port clock_enable ;
; registradorGenerico:REG_LEDR0a7|DOUT[0..7]            ; Stuck at GND due to stuck port clock_enable ;
; Total Number of Removed Registers = 18                ;                                             ;
+-------------------------------------------------------+---------------------------------------------+


+------------------------------------------------------+
; General Register Statistics                          ;
+----------------------------------------------+-------+
; Statistic                                    ; Value ;
+----------------------------------------------+-------+
; Total registers                              ; 43    ;
; Number of registers using Synchronous Clear  ; 0     ;
; Number of registers using Synchronous Load   ; 0     ;
; Number of registers using Asynchronous Clear ; 0     ;
; Number of registers using Asynchronous Load  ; 0     ;
; Number of registers using Clock Enable       ; 32    ;
; Number of registers using Preset             ; 0     ;
+----------------------------------------------+-------+


+------------------------------------------------------------------------------------------------------------------------------------------------------------------+
; Multiplexer Restructuring Statistics (Restructuring Performed)                                                                                                   ;
+--------------------+-----------+---------------+----------------------+------------------------+------------+----------------------------------------------------+
; Multiplexer Inputs ; Bus Width ; Baseline Area ; Area if Restructured ; Saving if Restructured ; Registered ; Example Multiplexer Output                         ;
+--------------------+-----------+---------------+----------------------+------------------------+------------+----------------------------------------------------+
; 3:1                ; 8 bits    ; 16 LEs        ; 16 LEs               ; 0 LEs                  ; Yes        ; |Projeto1|CPU:CPU|registradorGenerico:REG1|DOUT[7] ;
+--------------------+-----------+---------------+----------------------+------------------------+------------+----------------------------------------------------+


+--------------------------------------------------------------------------+
; Parameter Settings for User Entity Instance: Top-level Entity: |Projeto1 ;
+--------------------+-------+---------------------------------------------+
; Parameter Name     ; Value ; Type                                        ;
+--------------------+-------+---------------------------------------------+
; larguraDados       ; 8     ; Signed Integer                              ;
; larguraEnderecoRAM ; 8     ; Signed Integer                              ;
; larguraInstrucao   ; 13    ; Signed Integer                              ;
; larguraEnderecoROM ; 8     ; Signed Integer                              ;
; larguraDados_PC    ; 9     ; Signed Integer                              ;
; simulacao          ; true  ; Enumerated                                  ;
+--------------------+-------+---------------------------------------------+
Note: In order to hide this table in the UI and the text report file, please set the "Show Parameter Settings in Synthesis Report" option in "Analysis and Synthesis Settings -> More Settings" to "Off".


+------------------------------------------------------+
; Parameter Settings for User Entity Instance: CPU:CPU ;
+--------------------+-------+-------------------------+
; Parameter Name     ; Value ; Type                    ;
+--------------------+-------+-------------------------+
; larguradados       ; 8     ; Signed Integer          ;
; larguraenderecoram ; 8     ; Signed Integer          ;
; largurainstrucao   ; 13    ; Signed Integer          ;
; larguraenderecorom ; 8     ; Signed Integer          ;
; larguradados_pc    ; 9     ; Signed Integer          ;
; simulacao          ; true  ; Enumerated              ;
+--------------------+-------+-------------------------+
Note: In order to hide this table in the UI and the text report file, please set the "Show Parameter Settings in Synthesis Report" option in "Analysis and Synthesis Settings -> More Settings" to "Off".


+--------------------------------------------------------------------------+
; Parameter Settings for User Entity Instance: CPU:CPU|muxGenerico2x1:MUX1 ;
+----------------+-------+-------------------------------------------------+
; Parameter Name ; Value ; Type                                            ;
+----------------+-------+-------------------------------------------------+
; larguradados   ; 8     ; Signed Integer                                  ;
+----------------+-------+-------------------------------------------------+
Note: In order to hide this table in the UI and the text report file, please set the "Show Parameter Settings in Synthesis Report" option in "Analysis and Synthesis Settings -> More Settings" to "Off".


+--------------------------------------------------------------------------------+
; Parameter Settings for User Entity Instance: CPU:CPU|registradorGenerico_PC:PC ;
+----------------+-------+-------------------------------------------------------+
; Parameter Name ; Value ; Type                                                  ;
+----------------+-------+-------------------------------------------------------+
; larguradados   ; 9     ; Signed Integer                                        ;
+----------------+-------+-------------------------------------------------------+
Note: In order to hide this table in the UI and the text report file, please set the "Show Parameter Settings in Synthesis Report" option in "Analysis and Synthesis Settings -> More Settings" to "Off".


+----------------------------------------------------------------------------+
; Parameter Settings for User Entity Instance: CPU:CPU|somaConstante:SOMADOR ;
+----------------+-------+---------------------------------------------------+
; Parameter Name ; Value ; Type                                              ;
+----------------+-------+---------------------------------------------------+
; larguradados   ; 9     ; Signed Integer                                    ;
; constante      ; 1     ; Signed Integer                                    ;
+----------------+-------+---------------------------------------------------+
Note: In order to hide this table in the UI and the text report file, please set the "Show Parameter Settings in Synthesis Report" option in "Analysis and Synthesis Settings -> More Settings" to "Off".


+-----------------------------------------------------------------------------------------+
; Parameter Settings for User Entity Instance: CPU:CPU|registradorGenerico_PC:REG_END_RET ;
+----------------+-------+----------------------------------------------------------------+
; Parameter Name ; Value ; Type                                                           ;
+----------------+-------+----------------------------------------------------------------+
; larguradados   ; 9     ; Signed Integer                                                 ;
+----------------+-------+----------------------------------------------------------------+
Note: In order to hide this table in the UI and the text report file, please set the "Show Parameter Settings in Synthesis Report" option in "Analysis and Synthesis Settings -> More Settings" to "Off".


+-------------------------------------------------------------------------------+
; Parameter Settings for User Entity Instance: CPU:CPU|registradorGenerico:REG1 ;
+----------------+-------+------------------------------------------------------+
; Parameter Name ; Value ; Type                                                 ;
+----------------+-------+------------------------------------------------------+
; larguradados   ; 8     ; Signed Integer                                       ;
+----------------+-------+------------------------------------------------------+
Note: In order to hide this table in the UI and the text report file, please set the "Show Parameter Settings in Synthesis Report" option in "Analysis and Synthesis Settings -> More Settings" to "Off".


+----------------------------------------------------------------------+
; Parameter Settings for User Entity Instance: CPU:CPU|ULASomaSub:ULA1 ;
+----------------+-------+---------------------------------------------+
; Parameter Name ; Value ; Type                                        ;
+----------------+-------+---------------------------------------------+
; larguradados   ; 8     ; Signed Integer                              ;
+----------------+-------+---------------------------------------------+
Note: In order to hide this table in the UI and the text report file, please set the "Show Parameter Settings in Synthesis Report" option in "Analysis and Synthesis Settings -> More Settings" to "Off".


+--------------------------------------------------------------------+
; Parameter Settings for User Entity Instance: CPU:CPU|FlipFlop:FLAG ;
+----------------+-------+-------------------------------------------+
; Parameter Name ; Value ; Type                                      ;
+----------------+-------+-------------------------------------------+
; larguradados   ; 8     ; Signed Integer                            ;
+----------------+-------+-------------------------------------------+
Note: In order to hide this table in the UI and the text report file, please set the "Show Parameter Settings in Synthesis Report" option in "Analysis and Synthesis Settings -> More Settings" to "Off".


+-----------------------------------------------------------------------------+
; Parameter Settings for User Entity Instance: CPU:CPU|muxGenerico2x1_PC:MUX2 ;
+----------------+-------+----------------------------------------------------+
; Parameter Name ; Value ; Type                                               ;
+----------------+-------+----------------------------------------------------+
; larguradados   ; 9     ; Signed Integer                                     ;
+----------------+-------+----------------------------------------------------+
Note: In order to hide this table in the UI and the text report file, please set the "Show Parameter Settings in Synthesis Report" option in "Analysis and Synthesis Settings -> More Settings" to "Off".


+--------------------------------------------------------------------------+
; Parameter Settings for User Entity Instance: memoriaROM:MEMORIA_INTRUCAO ;
+----------------+-------+-------------------------------------------------+
; Parameter Name ; Value ; Type                                            ;
+----------------+-------+-------------------------------------------------+
; datawidth      ; 13    ; Signed Integer                                  ;
; addrwidth      ; 8     ; Signed Integer                                  ;
+----------------+-------+-------------------------------------------------+
Note: In order to hide this table in the UI and the text report file, please set the "Show Parameter Settings in Synthesis Report" option in "Analysis and Synthesis Settings -> More Settings" to "Off".


+-----------------------------------------------------------------------+
; Parameter Settings for User Entity Instance: memoriaRAM:MEMORIA_DADOS ;
+----------------+-------+----------------------------------------------+
; Parameter Name ; Value ; Type                                         ;
+----------------+-------+----------------------------------------------+
; datawidth      ; 8     ; Signed Integer                               ;
; addrwidth      ; 6     ; Signed Integer                               ;
+----------------+-------+----------------------------------------------+
Note: In order to hide this table in the UI and the text report file, please set the "Show Parameter Settings in Synthesis Report" option in "Analysis and Synthesis Settings -> More Settings" to "Off".


+------------------------------------------------------------------------------+
; Parameter Settings for User Entity Instance: registradorGenerico:REG_LEDR0a7 ;
+----------------+-------+-----------------------------------------------------+
; Parameter Name ; Value ; Type                                                ;
+----------------+-------+-----------------------------------------------------+
; larguradados   ; 8     ; Signed Integer                                      ;
+----------------+-------+-----------------------------------------------------+
Note: In order to hide this table in the UI and the text report file, please set the "Show Parameter Settings in Synthesis Report" option in "Analysis and Synthesis Settings -> More Settings" to "Off".


+----------------------------------------------------------------+
; Parameter Settings for User Entity Instance: FlipFlop:FF_LEDR8 ;
+----------------+-------+---------------------------------------+
; Parameter Name ; Value ; Type                                  ;
+----------------+-------+---------------------------------------+
; larguradados   ; 8     ; Signed Integer                        ;
+----------------+-------+---------------------------------------+
Note: In order to hide this table in the UI and the text report file, please set the "Show Parameter Settings in Synthesis Report" option in "Analysis and Synthesis Settings -> More Settings" to "Off".


+----------------------------------------------------------------+
; Parameter Settings for User Entity Instance: FlipFlop:FF_LEDR9 ;
+----------------+-------+---------------------------------------+
; Parameter Name ; Value ; Type                                  ;
+----------------+-------+---------------------------------------+
; larguradados   ; 8     ; Signed Integer                        ;
+----------------+-------+---------------------------------------+
Note: In order to hide this table in the UI and the text report file, please set the "Show Parameter Settings in Synthesis Report" option in "Analysis and Synthesis Settings -> More Settings" to "Off".


+------------------------------------------------------------------------------+
; Parameter Settings for User Entity Instance: registradorGenerico_4b:REG_HEX0 ;
+----------------+-------+-----------------------------------------------------+
; Parameter Name ; Value ; Type                                                ;
+----------------+-------+-----------------------------------------------------+
; larguradados   ; 4     ; Signed Integer                                      ;
+----------------+-------+-----------------------------------------------------+
Note: In order to hide this table in the UI and the text report file, please set the "Show Parameter Settings in Synthesis Report" option in "Analysis and Synthesis Settings -> More Settings" to "Off".


+------------------------------------------------------------------------------+
; Parameter Settings for User Entity Instance: registradorGenerico_4b:REG_HEX1 ;
+----------------+-------+-----------------------------------------------------+
; Parameter Name ; Value ; Type                                                ;
+----------------+-------+-----------------------------------------------------+
; larguradados   ; 4     ; Signed Integer                                      ;
+----------------+-------+-----------------------------------------------------+
Note: In order to hide this table in the UI and the text report file, please set the "Show Parameter Settings in Synthesis Report" option in "Analysis and Synthesis Settings -> More Settings" to "Off".


+------------------------------------------------------------------------------+
; Parameter Settings for User Entity Instance: registradorGenerico_4b:REG_HEX2 ;
+----------------+-------+-----------------------------------------------------+
; Parameter Name ; Value ; Type                                                ;
+----------------+-------+-----------------------------------------------------+
; larguradados   ; 4     ; Signed Integer                                      ;
+----------------+-------+-----------------------------------------------------+
Note: In order to hide this table in the UI and the text report file, please set the "Show Parameter Settings in Synthesis Report" option in "Analysis and Synthesis Settings -> More Settings" to "Off".


+------------------------------------------------------------------------------+
; Parameter Settings for User Entity Instance: registradorGenerico_4b:REG_HEX3 ;
+----------------+-------+-----------------------------------------------------+
; Parameter Name ; Value ; Type                                                ;
+----------------+-------+-----------------------------------------------------+
; larguradados   ; 4     ; Signed Integer                                      ;
+----------------+-------+-----------------------------------------------------+
Note: In order to hide this table in the UI and the text report file, please set the "Show Parameter Settings in Synthesis Report" option in "Analysis and Synthesis Settings -> More Settings" to "Off".


+------------------------------------------------------------------------------+
; Parameter Settings for User Entity Instance: registradorGenerico_4b:REG_HEX4 ;
+----------------+-------+-----------------------------------------------------+
; Parameter Name ; Value ; Type                                                ;
+----------------+-------+-----------------------------------------------------+
; larguradados   ; 4     ; Signed Integer                                      ;
+----------------+-------+-----------------------------------------------------+
Note: In order to hide this table in the UI and the text report file, please set the "Show Parameter Settings in Synthesis Report" option in "Analysis and Synthesis Settings -> More Settings" to "Off".


+------------------------------------------------------------------------------+
; Parameter Settings for User Entity Instance: registradorGenerico_4b:REG_HEX5 ;
+----------------+-------+-----------------------------------------------------+
; Parameter Name ; Value ; Type                                                ;
+----------------+-------+-----------------------------------------------------+
; larguradados   ; 4     ; Signed Integer                                      ;
+----------------+-------+-----------------------------------------------------+
Note: In order to hide this table in the UI and the text report file, please set the "Show Parameter Settings in Synthesis Report" option in "Analysis and Synthesis Settings -> More Settings" to "Off".


+---------------------------------------------------------------+
; Parameter Settings for User Entity Instance: buffertri:FPGA_R ;
+----------------+-------+--------------------------------------+
; Parameter Name ; Value ; Type                                 ;
+----------------+-------+--------------------------------------+
; larguradados   ; 8     ; Signed Integer                       ;
+----------------+-------+--------------------------------------+
Note: In order to hide this table in the UI and the text report file, please set the "Show Parameter Settings in Synthesis Report" option in "Analysis and Synthesis Settings -> More Settings" to "Off".


+--------------------------------------------------------------+
; Parameter Settings for User Entity Instance: buffertri:KEY_3 ;
+----------------+-------+-------------------------------------+
; Parameter Name ; Value ; Type                                ;
+----------------+-------+-------------------------------------+
; larguradados   ; 8     ; Signed Integer                      ;
+----------------+-------+-------------------------------------+
Note: In order to hide this table in the UI and the text report file, please set the "Show Parameter Settings in Synthesis Report" option in "Analysis and Synthesis Settings -> More Settings" to "Off".


+--------------------------------------------------------------+
; Parameter Settings for User Entity Instance: buffertri:KEY_2 ;
+----------------+-------+-------------------------------------+
; Parameter Name ; Value ; Type                                ;
+----------------+-------+-------------------------------------+
; larguradados   ; 8     ; Signed Integer                      ;
+----------------+-------+-------------------------------------+
Note: In order to hide this table in the UI and the text report file, please set the "Show Parameter Settings in Synthesis Report" option in "Analysis and Synthesis Settings -> More Settings" to "Off".


+--------------------------------------------------------------+
; Parameter Settings for User Entity Instance: buffertri:KEY_1 ;
+----------------+-------+-------------------------------------+
; Parameter Name ; Value ; Type                                ;
+----------------+-------+-------------------------------------+
; larguradados   ; 8     ; Signed Integer                      ;
+----------------+-------+-------------------------------------+
Note: In order to hide this table in the UI and the text report file, please set the "Show Parameter Settings in Synthesis Report" option in "Analysis and Synthesis Settings -> More Settings" to "Off".


+--------------------------------------------------------------+
; Parameter Settings for User Entity Instance: buffertri:KEY_0 ;
+----------------+-------+-------------------------------------+
; Parameter Name ; Value ; Type                                ;
+----------------+-------+-------------------------------------+
; larguradados   ; 8     ; Signed Integer                      ;
+----------------+-------+-------------------------------------+
Note: In order to hide this table in the UI and the text report file, please set the "Show Parameter Settings in Synthesis Report" option in "Analysis and Synthesis Settings -> More Settings" to "Off".


+-------------------------------------------------------------+
; Parameter Settings for User Entity Instance: buffertri:SW_9 ;
+----------------+-------+------------------------------------+
; Parameter Name ; Value ; Type                               ;
+----------------+-------+------------------------------------+
; larguradados   ; 8     ; Signed Integer                     ;
+----------------+-------+------------------------------------+
Note: In order to hide this table in the UI and the text report file, please set the "Show Parameter Settings in Synthesis Report" option in "Analysis and Synthesis Settings -> More Settings" to "Off".


+-------------------------------------------------------------+
; Parameter Settings for User Entity Instance: buffertri:SW_8 ;
+----------------+-------+------------------------------------+
; Parameter Name ; Value ; Type                               ;
+----------------+-------+------------------------------------+
; larguradados   ; 8     ; Signed Integer                     ;
+----------------+-------+------------------------------------+
Note: In order to hide this table in the UI and the text report file, please set the "Show Parameter Settings in Synthesis Report" option in "Analysis and Synthesis Settings -> More Settings" to "Off".


+-------------------------------------------------------------+
; Parameter Settings for User Entity Instance: buffertri:SW_7 ;
+----------------+-------+------------------------------------+
; Parameter Name ; Value ; Type                               ;
+----------------+-------+------------------------------------+
; larguradados   ; 8     ; Signed Integer                     ;
+----------------+-------+------------------------------------+
Note: In order to hide this table in the UI and the text report file, please set the "Show Parameter Settings in Synthesis Report" option in "Analysis and Synthesis Settings -> More Settings" to "Off".


+-------------------------------------------------------------+
; Parameter Settings for User Entity Instance: buffertri:SW_6 ;
+----------------+-------+------------------------------------+
; Parameter Name ; Value ; Type                               ;
+----------------+-------+------------------------------------+
; larguradados   ; 8     ; Signed Integer                     ;
+----------------+-------+------------------------------------+
Note: In order to hide this table in the UI and the text report file, please set the "Show Parameter Settings in Synthesis Report" option in "Analysis and Synthesis Settings -> More Settings" to "Off".


+-------------------------------------------------------------+
; Parameter Settings for User Entity Instance: buffertri:SW_5 ;
+----------------+-------+------------------------------------+
; Parameter Name ; Value ; Type                               ;
+----------------+-------+------------------------------------+
; larguradados   ; 8     ; Signed Integer                     ;
+----------------+-------+------------------------------------+
Note: In order to hide this table in the UI and the text report file, please set the "Show Parameter Settings in Synthesis Report" option in "Analysis and Synthesis Settings -> More Settings" to "Off".


+-------------------------------------------------------------+
; Parameter Settings for User Entity Instance: buffertri:SW_4 ;
+----------------+-------+------------------------------------+
; Parameter Name ; Value ; Type                               ;
+----------------+-------+------------------------------------+
; larguradados   ; 8     ; Signed Integer                     ;
+----------------+-------+------------------------------------+
Note: In order to hide this table in the UI and the text report file, please set the "Show Parameter Settings in Synthesis Report" option in "Analysis and Synthesis Settings -> More Settings" to "Off".


+-------------------------------------------------------------+
; Parameter Settings for User Entity Instance: buffertri:SW_3 ;
+----------------+-------+------------------------------------+
; Parameter Name ; Value ; Type                               ;
+----------------+-------+------------------------------------+
; larguradados   ; 8     ; Signed Integer                     ;
+----------------+-------+------------------------------------+
Note: In order to hide this table in the UI and the text report file, please set the "Show Parameter Settings in Synthesis Report" option in "Analysis and Synthesis Settings -> More Settings" to "Off".


+-------------------------------------------------------------+
; Parameter Settings for User Entity Instance: buffertri:SW_2 ;
+----------------+-------+------------------------------------+
; Parameter Name ; Value ; Type                               ;
+----------------+-------+------------------------------------+
; larguradados   ; 8     ; Signed Integer                     ;
+----------------+-------+------------------------------------+
Note: In order to hide this table in the UI and the text report file, please set the "Show Parameter Settings in Synthesis Report" option in "Analysis and Synthesis Settings -> More Settings" to "Off".


+-------------------------------------------------------------+
; Parameter Settings for User Entity Instance: buffertri:SW_1 ;
+----------------+-------+------------------------------------+
; Parameter Name ; Value ; Type                               ;
+----------------+-------+------------------------------------+
; larguradados   ; 8     ; Signed Integer                     ;
+----------------+-------+------------------------------------+
Note: In order to hide this table in the UI and the text report file, please set the "Show Parameter Settings in Synthesis Report" option in "Analysis and Synthesis Settings -> More Settings" to "Off".


+-------------------------------------------------------------+
; Parameter Settings for User Entity Instance: buffertri:SW_0 ;
+----------------+-------+------------------------------------+
; Parameter Name ; Value ; Type                               ;
+----------------+-------+------------------------------------+
; larguradados   ; 8     ; Signed Integer                     ;
+----------------+-------+------------------------------------+
Note: In order to hide this table in the UI and the text report file, please set the "Show Parameter Settings in Synthesis Report" option in "Analysis and Synthesis Settings -> More Settings" to "Off".


+----------------------------------------------------------+
; Port Connectivity Checks: "DecodBinario_7Seg:DECOD_HEX5" ;
+----------+-------+----------+----------------------------+
; Port     ; Type  ; Severity ; Details                    ;
+----------+-------+----------+----------------------------+
; apaga    ; Input ; Info     ; Stuck at GND               ;
; negativo ; Input ; Info     ; Stuck at GND               ;
; overflow ; Input ; Info     ; Stuck at GND               ;
+----------+-------+----------+----------------------------+


+-------------------------------------------------------------+
; Port Connectivity Checks: "registradorGenerico_4b:REG_HEX5" ;
+------+-------+----------+-----------------------------------+
; Port ; Type  ; Severity ; Details                           ;
+------+-------+----------+-----------------------------------+
; rst  ; Input ; Info     ; Stuck at GND                      ;
+------+-------+----------+-----------------------------------+


+----------------------------------------------------------+
; Port Connectivity Checks: "DecodBinario_7Seg:DECOD_HEX4" ;
+----------+-------+----------+----------------------------+
; Port     ; Type  ; Severity ; Details                    ;
+----------+-------+----------+----------------------------+
; apaga    ; Input ; Info     ; Stuck at GND               ;
; negativo ; Input ; Info     ; Stuck at GND               ;
; overflow ; Input ; Info     ; Stuck at GND               ;
+----------+-------+----------+----------------------------+


+-------------------------------------------------------------+
; Port Connectivity Checks: "registradorGenerico_4b:REG_HEX4" ;
+------+-------+----------+-----------------------------------+
; Port ; Type  ; Severity ; Details                           ;
+------+-------+----------+-----------------------------------+
; rst  ; Input ; Info     ; Stuck at GND                      ;
+------+-------+----------+-----------------------------------+


+----------------------------------------------------------+
; Port Connectivity Checks: "DecodBinario_7Seg:DECOD_HEX3" ;
+----------+-------+----------+----------------------------+
; Port     ; Type  ; Severity ; Details                    ;
+----------+-------+----------+----------------------------+
; apaga    ; Input ; Info     ; Stuck at GND               ;
; negativo ; Input ; Info     ; Stuck at GND               ;
; overflow ; Input ; Info     ; Stuck at GND               ;
+----------+-------+----------+----------------------------+


+-------------------------------------------------------------+
; Port Connectivity Checks: "registradorGenerico_4b:REG_HEX3" ;
+------+-------+----------+-----------------------------------+
; Port ; Type  ; Severity ; Details                           ;
+------+-------+----------+-----------------------------------+
; rst  ; Input ; Info     ; Stuck at GND                      ;
+------+-------+----------+-----------------------------------+


+----------------------------------------------------------+
; Port Connectivity Checks: "DecodBinario_7Seg:DECOD_HEX2" ;
+----------+-------+----------+----------------------------+
; Port     ; Type  ; Severity ; Details                    ;
+----------+-------+----------+----------------------------+
; apaga    ; Input ; Info     ; Stuck at GND               ;
; negativo ; Input ; Info     ; Stuck at GND               ;
; overflow ; Input ; Info     ; Stuck at GND               ;
+----------+-------+----------+----------------------------+


+-------------------------------------------------------------+
; Port Connectivity Checks: "registradorGenerico_4b:REG_HEX2" ;
+------+-------+----------+-----------------------------------+
; Port ; Type  ; Severity ; Details                           ;
+------+-------+----------+-----------------------------------+
; rst  ; Input ; Info     ; Stuck at GND                      ;
+------+-------+----------+-----------------------------------+


+----------------------------------------------------------+
; Port Connectivity Checks: "DecodBinario_7Seg:DECOD_HEX1" ;
+----------+-------+----------+----------------------------+
; Port     ; Type  ; Severity ; Details                    ;
+----------+-------+----------+----------------------------+
; apaga    ; Input ; Info     ; Stuck at GND               ;
; negativo ; Input ; Info     ; Stuck at GND               ;
; overflow ; Input ; Info     ; Stuck at GND               ;
+----------+-------+----------+----------------------------+


+-------------------------------------------------------------+
; Port Connectivity Checks: "registradorGenerico_4b:REG_HEX1" ;
+------+-------+----------+-----------------------------------+
; Port ; Type  ; Severity ; Details                           ;
+------+-------+----------+-----------------------------------+
; rst  ; Input ; Info     ; Stuck at GND                      ;
+------+-------+----------+-----------------------------------+


+----------------------------------------------------------+
; Port Connectivity Checks: "DecodBinario_7Seg:DECOD_HEX0" ;
+----------+-------+----------+----------------------------+
; Port     ; Type  ; Severity ; Details                    ;
+----------+-------+----------+----------------------------+
; apaga    ; Input ; Info     ; Stuck at GND               ;
; negativo ; Input ; Info     ; Stuck at GND               ;
; overflow ; Input ; Info     ; Stuck at GND               ;
+----------+-------+----------+----------------------------+


+-------------------------------------------------------------+
; Port Connectivity Checks: "registradorGenerico_4b:REG_HEX0" ;
+------+-------+----------+-----------------------------------+
; Port ; Type  ; Severity ; Details                           ;
+------+-------+----------+-----------------------------------+
; rst  ; Input ; Info     ; Stuck at GND                      ;
+------+-------+----------+-----------------------------------+


+-----------------------------------------------+
; Port Connectivity Checks: "FlipFlop:FF_LEDR9" ;
+------+-------+----------+---------------------+
; Port ; Type  ; Severity ; Details             ;
+------+-------+----------+---------------------+
; rst  ; Input ; Info     ; Stuck at GND        ;
+------+-------+----------+---------------------+


+-----------------------------------------------+
; Port Connectivity Checks: "FlipFlop:FF_LEDR8" ;
+------+-------+----------+---------------------+
; Port ; Type  ; Severity ; Details             ;
+------+-------+----------+---------------------+
; rst  ; Input ; Info     ; Stuck at GND        ;
+------+-------+----------+---------------------+


+-------------------------------------------------------------+
; Port Connectivity Checks: "registradorGenerico:REG_LEDR0a7" ;
+------+-------+----------+-----------------------------------+
; Port ; Type  ; Severity ; Details                           ;
+------+-------+----------+-----------------------------------+
; rst  ; Input ; Info     ; Stuck at GND                      ;
+------+-------+----------+-----------------------------------+


+----------------------------------------------------------------------------------------------------------------+
; Port Connectivity Checks: "Decod3x8:DECODIFICADOR_3X8_0a2"                                                     ;
+------+--------+----------+-------------------------------------------------------------------------------------+
; Port ; Type   ; Severity ; Details                                                                             ;
+------+--------+----------+-------------------------------------------------------------------------------------+
; s6   ; Output ; Info     ; Connected to dangling logic. Logic that only feeds a dangling port will be removed. ;
; s7   ; Output ; Info     ; Connected to dangling logic. Logic that only feeds a dangling port will be removed. ;
+------+--------+----------+-------------------------------------------------------------------------------------+


+----------------------------------------------------------------------------------------------------------------+
; Port Connectivity Checks: "Decod3x8:DECODIFICADOR_3X8_6a8"                                                     ;
+------+--------+----------+-------------------------------------------------------------------------------------+
; Port ; Type   ; Severity ; Details                                                                             ;
+------+--------+----------+-------------------------------------------------------------------------------------+
; s1   ; Output ; Info     ; Connected to dangling logic. Logic that only feeds a dangling port will be removed. ;
; s2   ; Output ; Info     ; Connected to dangling logic. Logic that only feeds a dangling port will be removed. ;
; s3   ; Output ; Info     ; Connected to dangling logic. Logic that only feeds a dangling port will be removed. ;
; s6   ; Output ; Info     ; Connected to dangling logic. Logic that only feeds a dangling port will be removed. ;
; s7   ; Output ; Info     ; Connected to dangling logic. Logic that only feeds a dangling port will be removed. ;
+------+--------+----------+-------------------------------------------------------------------------------------+


+------------------------------------------------------------+
; Port Connectivity Checks: "CPU:CPU|muxGenerico2x1_PC:MUX2" ;
+--------------+-------+----------+--------------------------+
; Port         ; Type  ; Severity ; Details                  ;
+--------------+-------+----------+--------------------------+
; entradad_mux ; Input ; Info     ; Stuck at GND             ;
+--------------+-------+----------+--------------------------+


+---------------------------------------------------+
; Port Connectivity Checks: "CPU:CPU|FlipFlop:FLAG" ;
+------+-------+----------+-------------------------+
; Port ; Type  ; Severity ; Details                 ;
+------+-------+----------+-------------------------+
; rst  ; Input ; Info     ; Stuck at GND            ;
+------+-------+----------+-------------------------+


+--------------------------------------------------------------+
; Port Connectivity Checks: "CPU:CPU|registradorGenerico:REG1" ;
+------+-------+----------+------------------------------------+
; Port ; Type  ; Severity ; Details                            ;
+------+-------+----------+------------------------------------+
; rst  ; Input ; Info     ; Stuck at GND                       ;
+------+-------+----------+------------------------------------+


+------------------------------------------------------------------------+
; Port Connectivity Checks: "CPU:CPU|registradorGenerico_PC:REG_END_RET" ;
+------+-------+----------+----------------------------------------------+
; Port ; Type  ; Severity ; Details                                      ;
+------+-------+----------+----------------------------------------------+
; rst  ; Input ; Info     ; Stuck at GND                                 ;
+------+-------+----------+----------------------------------------------+


+---------------------------------------------------------------+
; Port Connectivity Checks: "CPU:CPU|registradorGenerico_PC:PC" ;
+--------+-------+----------+-----------------------------------+
; Port   ; Type  ; Severity ; Details                           ;
+--------+-------+----------+-----------------------------------+
; enable ; Input ; Info     ; Stuck at VCC                      ;
; rst    ; Input ; Info     ; Stuck at GND                      ;
+--------+-------+----------+-----------------------------------+


+-----------------------------------------+
; Port Connectivity Checks: "CPU:CPU"     ;
+-------+-------+----------+--------------+
; Port  ; Type  ; Severity ; Details      ;
+-------+-------+----------+--------------+
; reset ; Input ; Info     ; Stuck at GND ;
+-------+-------+----------+--------------+


+-----------------------------------------------------+
; Post-Synthesis Netlist Statistics for Top Partition ;
+-----------------------+-----------------------------+
; Type                  ; Count                       ;
+-----------------------+-----------------------------+
; arriav_ff             ; 43                          ;
;     ENA               ; 24                          ;
;     ENA SLD           ; 8                           ;
;     plain             ; 11                          ;
; arriav_lcell_comb     ; 107                         ;
;     arith             ; 18                          ;
;         0 data inputs ; 1                           ;
;         1 data inputs ; 9                           ;
;         2 data inputs ; 5                           ;
;         4 data inputs ; 3                           ;
;     normal            ; 89                          ;
;         0 data inputs ; 1                           ;
;         2 data inputs ; 3                           ;
;         3 data inputs ; 10                          ;
;         4 data inputs ; 50                          ;
;         5 data inputs ; 22                          ;
;         6 data inputs ; 3                           ;
; boundary_port         ; 85                          ;
;                       ;                             ;
; Max LUT depth         ; 5.70                        ;
; Average LUT depth     ; 2.82                        ;
+-----------------------+-----------------------------+


+-------------------------------+
; Elapsed Time Per Partition    ;
+----------------+--------------+
; Partition Name ; Elapsed Time ;
+----------------+--------------+
; Top            ; 00:00:00     ;
+----------------+--------------+


+-------------------------------+
; Analysis & Synthesis Messages ;
+-------------------------------+
Info: *******************************************************************
Info: Running Quartus Prime Analysis & Synthesis
    Info: Version 20.1.0 Build 711 06/05/2020 SJ Lite Edition
    Info: Processing started: Thu Oct 07 10:31:37 2021
Info: Command: quartus_map --read_settings_files=on --write_settings_files=off Projeto1 -c Projeto1
Warning (18236): Number of processors has not been specified which may cause overloading on shared machines.  Set the global assignment NUM_PARALLEL_PROCESSORS in your QSF to an appropriate value for best performance.
Info (20030): Parallel compilation is enabled and will use 12 of the 12 processors detected
Info (12021): Found 2 design units, including 1 entities, in source file projeto1.vhd
    Info (12022): Found design unit 1: Projeto1-arquitetura File: C:/Descomp/DesignComp-Projeto1/Projeto1/Projeto1.vhd Line: 36
    Info (12023): Found entity 1: Projeto1 File: C:/Descomp/DesignComp-Projeto1/Projeto1/Projeto1.vhd Line: 4
Info (12021): Found 2 design units, including 1 entities, in source file buffertri.vhd
    Info (12022): Found design unit 1: buffertri-comportament File: C:/Descomp/DesignComp-Projeto1/Projeto1/buffertri.vhd Line: 16
    Info (12023): Found entity 1: buffertri File: C:/Descomp/DesignComp-Projeto1/Projeto1/buffertri.vhd Line: 4
Info (12021): Found 2 design units, including 1 entities, in source file cpu.vhd
    Info (12022): Found design unit 1: CPU-arquitetura File: C:/Descomp/DesignComp-Projeto1/Projeto1/CPU.vhd Line: 27
    Info (12023): Found entity 1: CPU File: C:/Descomp/DesignComp-Projeto1/Projeto1/CPU.vhd Line: 4
Info (12021): Found 2 design units, including 1 entities, in source file decod3x8.vhd
    Info (12022): Found design unit 1: Decod3x8-arch File: C:/Descomp/DesignComp-Projeto1/Projeto1/Decod3x8.vhd Line: 18
    Info (12023): Found entity 1: Decod3x8 File: C:/Descomp/DesignComp-Projeto1/Projeto1/Decod3x8.vhd Line: 4
Info (12021): Found 2 design units, including 1 entities, in source file decodbinario_7seg.vhd
    Info (12022): Found design unit 1: DecodBinario_7Seg-comportamento File: C:/Descomp/DesignComp-Projeto1/Projeto1/DecodBinario_7Seg.vhd Line: 17
    Info (12023): Found entity 1: DecodBinario_7Seg File: C:/Descomp/DesignComp-Projeto1/Projeto1/DecodBinario_7Seg.vhd Line: 4
Info (12021): Found 2 design units, including 1 entities, in source file decodinstrucao.vhd
    Info (12022): Found design unit 1: DecodInstrucao-arch File: C:/Descomp/DesignComp-Projeto1/Projeto1/DecodInstrucao.vhd Line: 10
    Info (12023): Found entity 1: DecodInstrucao File: C:/Descomp/DesignComp-Projeto1/Projeto1/DecodInstrucao.vhd Line: 4
Info (12021): Found 3 design units, including 1 entities, in source file edgedetector.vhd
    Info (12022): Found design unit 1: edgeDetector-bordaSubida File: C:/Descomp/DesignComp-Projeto1/Projeto1/edgeDetector.vhd Line: 10
    Info (12022): Found design unit 2: edgeDetector-bordaDescida File: C:/Descomp/DesignComp-Projeto1/Projeto1/edgeDetector.vhd Line: 23
    Info (12023): Found entity 1: edgeDetector File: C:/Descomp/DesignComp-Projeto1/Projeto1/edgeDetector.vhd Line: 4
Info (12021): Found 2 design units, including 1 entities, in source file flipflop.vhd
    Info (12022): Found design unit 1: FlipFlop-comportamento File: C:/Descomp/DesignComp-Projeto1/Projeto1/FlipFlop.vhd Line: 16
    Info (12023): Found entity 1: FlipFlop File: C:/Descomp/DesignComp-Projeto1/Projeto1/FlipFlop.vhd Line: 4
Info (12021): Found 2 design units, including 1 entities, in source file logicadesvio.vhd
    Info (12022): Found design unit 1: LogicaDesvio-arch File: C:/Descomp/DesignComp-Projeto1/Projeto1/LogicaDesvio.vhd Line: 15
    Info (12023): Found entity 1: LogicaDesvio File: C:/Descomp/DesignComp-Projeto1/Projeto1/LogicaDesvio.vhd Line: 4
Info (12021): Found 2 design units, including 1 entities, in source file memoriaram.vhd
    Info (12022): Found design unit 1: memoriaRAM-rtl File: C:/Descomp/DesignComp-Projeto1/Projeto1/memoriaRAM.vhd Line: 21
    Info (12023): Found entity 1: memoriaRAM File: C:/Descomp/DesignComp-Projeto1/Projeto1/memoriaRAM.vhd Line: 5
Info (12021): Found 2 design units, including 1 entities, in source file memoriarom.vhd
    Info (12022): Found design unit 1: memoriaROM-assincrona File: C:/Descomp/DesignComp-Projeto1/Projeto1/memoriaROM.vhd Line: 16
    Info (12023): Found entity 1: memoriaROM File: C:/Descomp/DesignComp-Projeto1/Projeto1/memoriaROM.vhd Line: 5
Info (12021): Found 2 design units, including 1 entities, in source file muxgenerico2x1.vhd
    Info (12022): Found design unit 1: muxGenerico2x1-comportamento File: C:/Descomp/DesignComp-Projeto1/Projeto1/muxGenerico2x1.vhd Line: 14
    Info (12023): Found entity 1: muxGenerico2x1 File: C:/Descomp/DesignComp-Projeto1/Projeto1/muxGenerico2x1.vhd Line: 4
Info (12021): Found 2 design units, including 1 entities, in source file muxgenerico2x1_pc.vhd
    Info (12022): Found design unit 1: muxGenerico2x1_PC-comportamento File: C:/Descomp/DesignComp-Projeto1/Projeto1/muxGenerico2x1_PC.vhd Line: 14
    Info (12023): Found entity 1: muxGenerico2x1_PC File: C:/Descomp/DesignComp-Projeto1/Projeto1/muxGenerico2x1_PC.vhd Line: 4
Info (12021): Found 2 design units, including 1 entities, in source file registradorgenerico.vhd
    Info (12022): Found design unit 1: registradorGenerico-comportamento File: C:/Descomp/DesignComp-Projeto1/Projeto1/registradorGenerico.vhd Line: 16
    Info (12023): Found entity 1: registradorGenerico File: C:/Descomp/DesignComp-Projeto1/Projeto1/registradorGenerico.vhd Line: 4
Info (12021): Found 2 design units, including 1 entities, in source file registradorgenerico_4b.vhd
    Info (12022): Found design unit 1: registradorGenerico_4b-comportamento File: C:/Descomp/DesignComp-Projeto1/Projeto1/registradorGenerico_4b.vhd Line: 16
    Info (12023): Found entity 1: registradorGenerico_4b File: C:/Descomp/DesignComp-Projeto1/Projeto1/registradorGenerico_4b.vhd Line: 4
Info (12021): Found 2 design units, including 1 entities, in source file banco_registradores.vhd
    Info (12022): Found design unit 1: Banco_Registradores-comportamento File: C:/Descomp/DesignComp-Projeto1/Projeto1/Banco_Registradores.vhd Line: 18
    Info (12023): Found entity 1: Banco_Registradores File: C:/Descomp/DesignComp-Projeto1/Projeto1/Banco_Registradores.vhd Line: 4
Info (12021): Found 2 design units, including 1 entities, in source file registradorgenerico_pc.vhd
    Info (12022): Found design unit 1: registradorGenerico_PC-comportamento File: C:/Descomp/DesignComp-Projeto1/Projeto1/registradorGenerico_PC.vhd Line: 16
    Info (12023): Found entity 1: registradorGenerico_PC File: C:/Descomp/DesignComp-Projeto1/Projeto1/registradorGenerico_PC.vhd Line: 4
Info (12021): Found 2 design units, including 1 entities, in source file somaconstante.vhd
    Info (12022): Found design unit 1: somaConstante-comportamento File: C:/Descomp/DesignComp-Projeto1/Projeto1/somaConstante.vhd Line: 18
    Info (12023): Found entity 1: somaConstante File: C:/Descomp/DesignComp-Projeto1/Projeto1/somaConstante.vhd Line: 5
Info (12021): Found 2 design units, including 1 entities, in source file ulasomasub.vhd
    Info (12022): Found design unit 1: ULASomaSub-comportamento File: C:/Descomp/DesignComp-Projeto1/Projeto1/ULASomaSub.vhd Line: 17
    Info (12023): Found entity 1: ULASomaSub File: C:/Descomp/DesignComp-Projeto1/Projeto1/ULASomaSub.vhd Line: 7
Info (12127): Elaborating entity "Projeto1" for the top level hierarchy
Info (12128): Elaborating entity "CPU" for hierarchy "CPU:CPU" File: C:/Descomp/DesignComp-Projeto1/Projeto1/Projeto1.vhd Line: 131
Info (12128): Elaborating entity "muxGenerico2x1" for hierarchy "CPU:CPU|muxGenerico2x1:MUX1" File: C:/Descomp/DesignComp-Projeto1/Projeto1/CPU.vhd Line: 72
Info (12128): Elaborating entity "DecodInstrucao" for hierarchy "CPU:CPU|DecodInstrucao:DECODIFICADOR_INSTRUCAO" File: C:/Descomp/DesignComp-Projeto1/Projeto1/CPU.vhd Line: 78
Info (12128): Elaborating entity "registradorGenerico_PC" for hierarchy "CPU:CPU|registradorGenerico_PC:PC" File: C:/Descomp/DesignComp-Projeto1/Projeto1/CPU.vhd Line: 83
Info (12128): Elaborating entity "somaConstante" for hierarchy "CPU:CPU|somaConstante:SOMADOR" File: C:/Descomp/DesignComp-Projeto1/Projeto1/CPU.vhd Line: 86
Info (12128): Elaborating entity "registradorGenerico" for hierarchy "CPU:CPU|registradorGenerico:REG1" File: C:/Descomp/DesignComp-Projeto1/Projeto1/CPU.vhd Line: 93
Info (12128): Elaborating entity "ULASomaSub" for hierarchy "CPU:CPU|ULASomaSub:ULA1" File: C:/Descomp/DesignComp-Projeto1/Projeto1/CPU.vhd Line: 98
Info (12128): Elaborating entity "FlipFlop" for hierarchy "CPU:CPU|FlipFlop:FLAG" File: C:/Descomp/DesignComp-Projeto1/Projeto1/CPU.vhd Line: 102
Info (12128): Elaborating entity "LogicaDesvio" for hierarchy "CPU:CPU|LogicaDesvio:LOGICA_DE_DESVIO" File: C:/Descomp/DesignComp-Projeto1/Projeto1/CPU.vhd Line: 106
Info (12128): Elaborating entity "muxGenerico2x1_PC" for hierarchy "CPU:CPU|muxGenerico2x1_PC:MUX2" File: C:/Descomp/DesignComp-Projeto1/Projeto1/CPU.vhd Line: 111
Info (12128): Elaborating entity "memoriaROM" for hierarchy "memoriaROM:MEMORIA_INTRUCAO" File: C:/Descomp/DesignComp-Projeto1/Projeto1/Projeto1.vhd Line: 144
Info (12128): Elaborating entity "memoriaRAM" for hierarchy "memoriaRAM:MEMORIA_DADOS" File: C:/Descomp/DesignComp-Projeto1/Projeto1/Projeto1.vhd Line: 147
Info (12128): Elaborating entity "Decod3x8" for hierarchy "Decod3x8:DECODIFICADOR_3X8_6a8" File: C:/Descomp/DesignComp-Projeto1/Projeto1/Projeto1.vhd Line: 150
Info (12128): Elaborating entity "registradorGenerico_4b" for hierarchy "registradorGenerico_4b:REG_HEX0" File: C:/Descomp/DesignComp-Projeto1/Projeto1/Projeto1.vhd Line: 208
Info (12128): Elaborating entity "DecodBinario_7Seg" for hierarchy "DecodBinario_7Seg:DECOD_HEX0" File: C:/Descomp/DesignComp-Projeto1/Projeto1/Projeto1.vhd Line: 217
Info (12128): Elaborating entity "buffertri" for hierarchy "buffertri:FPGA_R" File: C:/Descomp/DesignComp-Projeto1/Projeto1/Projeto1.vhd Line: 315
Info (276014): Found 1 instances of uninferred RAM logic
    Info (276007): RAM logic "memoriaRAM:MEMORIA_DADOS|ram" is uninferred due to asynchronous read logic File: C:/Descomp/DesignComp-Projeto1/Projeto1/memoriaRAM.vhd Line: 27
Warning (13046): Tri-state node(s) do not directly drive top-level pin(s)
    Warning (13048): Converted tri-state node "Saida_Dados[7]" into a selector File: C:/Descomp/DesignComp-Projeto1/Projeto1/muxGenerico2x1.vhd Line: 10
    Warning (13048): Converted tri-state node "Saida_Dados[6]" into a selector File: C:/Descomp/DesignComp-Projeto1/Projeto1/muxGenerico2x1.vhd Line: 10
    Warning (13048): Converted tri-state node "Saida_Dados[5]" into a selector File: C:/Descomp/DesignComp-Projeto1/Projeto1/muxGenerico2x1.vhd Line: 10
    Warning (13048): Converted tri-state node "Saida_Dados[4]" into a selector File: C:/Descomp/DesignComp-Projeto1/Projeto1/muxGenerico2x1.vhd Line: 10
    Warning (13048): Converted tri-state node "Saida_Dados[3]" into a selector File: C:/Descomp/DesignComp-Projeto1/Projeto1/muxGenerico2x1.vhd Line: 10
    Warning (13048): Converted tri-state node "Saida_Dados[2]" into a selector File: C:/Descomp/DesignComp-Projeto1/Projeto1/muxGenerico2x1.vhd Line: 10
    Warning (13048): Converted tri-state node "Saida_Dados[1]" into a selector File: C:/Descomp/DesignComp-Projeto1/Projeto1/muxGenerico2x1.vhd Line: 10
    Warning (13048): Converted tri-state node "Saida_Dados[0]" into a selector File: C:/Descomp/DesignComp-Projeto1/Projeto1/muxGenerico2x1.vhd Line: 10
Info (286030): Timing-Driven Synthesis is running
Info (17049): 1 registers lost all their fanouts during netlist optimizations.
Info (16010): Generating hard_block partition "hard_block:auto_generated_inst"
    Info (16011): Adding 0 node(s), including 0 DDIO, 0 PLL, 0 transceiver and 0 LCELL
Warning (21074): Design contains 1 input pin(s) that do not drive logic
    Warning (15610): No output dependent on input pin "CLOCK_50" File: C:/Descomp/DesignComp-Projeto1/Projeto1/Projeto1.vhd Line: 14
Info (21057): Implemented 223 device resources after synthesis - the final resource count might be different
    Info (21058): Implemented 16 input pins
    Info (21059): Implemented 69 output pins
    Info (21061): Implemented 138 logic cells
Info: Quartus Prime Analysis & Synthesis was successful. 0 errors, 12 warnings
    Info: Peak virtual memory: 4907 megabytes
    Info: Processing ended: Thu Oct 07 10:31:45 2021
    Info: Elapsed time: 00:00:08
    Info: Total CPU time (on all processors): 00:00:15


